<?xml version="1.0" encoding="UTF-8"?>
<testsuite xmlns:xsi="http://www.w3.org/2001/XMLSchema-instance" xsi:noNamespaceSchemaLocation="https://maven.apache.org/surefire/maven-surefire-plugin/xsd/surefire-test-report.xsd" name="pvs.TaskManager.TaskManagerApplicationTests" time="9.708" tests="1" errors="0" skipped="0" failures="0">
  <properties>
    <property name="java.specification.version" value="17"/>
    <property name="sun.cpu.isalist" value="amd64"/>
    <property name="sun.jnu.encoding" value="Cp1252"/>
    <property name="java.class.path" value="C:\Users\emirm\git\newMgr\PVS-Lab\TaskManager\target\test-classes;C:\Users\emirm\git\newMgr\PVS-Lab\TaskManager\target\classes;C:\Users\emirm\.m2\repository\io\opentracing\contrib\opentracing-spring-jaeger-cloud-starter\3.3.1\opentracing-spring-jaeger-cloud-starter-3.3.1.jar;C:\Users\emirm\.m2\repository\io\opentracing\contrib\opentracing-spring-jaeger-starter\3.3.1\opentracing-spring-jaeger-starter-3.3.1.jar;C:\Users\emirm\.m2\repository\io\opentracing\contrib\opentracing-spring-tracer-configuration-starter\0.4.0\opentracing-spring-tracer-configuration-starter-0.4.0.jar;C:\Users\emirm\.m2\repository\io\opentracing\opentracing-noop\0.33.0\opentracing-noop-0.33.0.jar;C:\Users\emirm\.m2\repository\io\opentracing\opentracing-util\0.33.0\opentracing-util-0.33.0.jar;C:\Users\emirm\.m2\repository\io\opentracing\contrib\opentracing-tracerresolver\0.1.8\opentracing-tracerresolver-0.1.8.jar;C:\Users\emirm\.m2\repository\io\opentracing\opentracing-api\0.33.0\opentracing-api-0.33.0.jar;C:\Users\emirm\.m2\repository\io\jaegertracing\jaeger-client\1.3.2\jaeger-client-1.3.2.jar;C:\Users\emirm\.m2\repository\io\jaegertracing\jaeger-thrift\1.3.2\jaeger-thrift-1.3.2.jar;C:\Users\emirm\.m2\repository\org\apache\thrift\libthrift\0.13.0\libthrift-0.13.0.jar;C:\Users\emirm\.m2\repository\javax\annotation\javax.annotation-api\1.3.2\javax.annotation-api-1.3.2.jar;C:\Users\emirm\.m2\repository\com\squareup\okhttp3\okhttp\4.10.0\okhttp-4.10.0.jar;C:\Users\emirm\.m2\repository\com\squareup\okio\okio-jvm\3.0.0\okio-jvm-3.0.0.jar;C:\Users\emirm\.m2\repository\org\jetbrains\kotlin\kotlin-stdlib-jdk8\1.7.21\kotlin-stdlib-jdk8-1.7.21.jar;C:\Users\emirm\.m2\repository\org\jetbrains\kotlin\kotlin-stdlib-jdk7\1.7.21\kotlin-stdlib-jdk7-1.7.21.jar;C:\Users\emirm\.m2\repository\org\jetbrains\kotlin\kotlin-stdlib-common\1.7.21\kotlin-stdlib-common-1.7.21.jar;C:\Users\emirm\.m2\repository\org\jetbrains\kotlin\kotlin-stdlib\1.7.21\kotlin-stdlib-1.7.21.jar;C:\Users\emirm\.m2\repository\org\jetbrains\annotations\13.0\annotations-13.0.jar;C:\Users\emirm\.m2\repository\io\jaegertracing\jaeger-core\1.3.2\jaeger-core-1.3.2.jar;C:\Users\emirm\.m2\repository\com\google\code\gson\gson\2.9.1\gson-2.9.1.jar;C:\Users\emirm\.m2\repository\io\jaegertracing\jaeger-tracerresolver\1.3.2\jaeger-tracerresolver-1.3.2.jar;C:\Users\emirm\.m2\repository\io\opentracing\contrib\opentracing-spring-cloud-starter\0.5.3\opentracing-spring-cloud-starter-0.5.3.jar;C:\Users\emirm\.m2\repository\io\opentracing\contrib\opentracing-spring-cloud-core\0.5.3\opentracing-spring-cloud-core-0.5.3.jar;C:\Users\emirm\.m2\repository\io\opentracing\contrib\opentracing-concurrent\0.4.0\opentracing-concurrent-0.4.0.jar;C:\Users\emirm\.m2\repository\io\opentracing\contrib\opentracing-spring-web-starter\3.0.1\opentracing-spring-web-starter-3.0.1.jar;C:\Users\emirm\.m2\repository\io\opentracing\contrib\opentracing-spring-web\3.0.1\opentracing-spring-web-3.0.1.jar;C:\Users\emirm\.m2\repository\io\opentracing\contrib\opentracing-web-servlet-filter\0.4.0\opentracing-web-servlet-filter-0.4.0.jar;C:\Users\emirm\.m2\repository\io\opentracing\contrib\opentracing-spring-messaging-starter\1.0.0\opentracing-spring-messaging-starter-1.0.0.jar;C:\Users\emirm\.m2\repository\io\opentracing\contrib\opentracing-spring-messaging\1.0.0\opentracing-spring-messaging-1.0.0.jar;C:\Users\emirm\.m2\repository\io\opentracing\contrib\opentracing-spring-rabbitmq-starter\3.0.0\opentracing-spring-rabbitmq-starter-3.0.0.jar;C:\Users\emirm\.m2\repository\io\opentracing\contrib\opentracing-spring-rabbitmq\3.0.0\opentracing-spring-rabbitmq-3.0.0.jar;C:\Users\emirm\.m2\repository\io\opentracing\contrib\opentracing-spring-cloud-jdbc-starter\0.5.3\opentracing-spring-cloud-jdbc-starter-0.5.3.jar;C:\Users\emirm\.m2\repository\io\opentracing\contrib\opentracing-jdbc\0.2.8\opentracing-jdbc-0.2.8.jar;C:\Users\emirm\.m2\repository\io\opentracing\contrib\common\0.1.4\common-0.1.4.jar;C:\Users\emirm\.m2\repository\io\opentracing\contrib\opentracing-spring-cloud-jms-starter\0.5.3\opentracing-spring-cloud-jms-starter-0.5.3.jar;C:\Users\emirm\.m2\repository\io\opentracing\contrib\opentracing-jms-spring\0.1.7\opentracing-jms-spring-0.1.7.jar;C:\Users\emirm\.m2\repository\io\opentracing\contrib\opentracing-jms-2\0.1.7\opentracing-jms-2-0.1.7.jar;C:\Users\emirm\.m2\repository\io\opentracing\contrib\opentracing-jms-common\0.1.7\opentracing-jms-common-0.1.7.jar;C:\Users\emirm\.m2\repository\io\opentracing\contrib\opentracing-spring-cloud-kafka-starter\0.5.3\opentracing-spring-cloud-kafka-starter-0.5.3.jar;C:\Users\emirm\.m2\repository\io\opentracing\contrib\opentracing-kafka-spring\0.1.12\opentracing-kafka-spring-0.1.12.jar;C:\Users\emirm\.m2\repository\io\opentracing\contrib\opentracing-kafka-client\0.1.12\opentracing-kafka-client-0.1.12.jar;C:\Users\emirm\.m2\repository\io\opentracing\contrib\opentracing-spring-cloud-feign-starter\0.5.3\opentracing-spring-cloud-feign-starter-0.5.3.jar;C:\Users\emirm\.m2\repository\io\github\openfeign\opentracing\feign-opentracing\0.4.0\feign-opentracing-0.4.0.jar;C:\Users\emirm\.m2\repository\io\github\openfeign\opentracing\feign-hystrix-opentracing\0.4.0\feign-hystrix-opentracing-0.4.0.jar;C:\Users\emirm\.m2\repository\io\opentracing\contrib\opentracing-spring-cloud-hystrix-starter\0.5.3\opentracing-spring-cloud-hystrix-starter-0.5.3.jar;C:\Users\emirm\.m2\repository\io\opentracing\contrib\opentracing-spring-cloud-reactor-starter\0.5.3\opentracing-spring-cloud-reactor-starter-0.5.3.jar;C:\Users\emirm\.m2\repository\io\opentracing\contrib\opentracing-reactor\0.1.2\opentracing-reactor-0.1.2.jar;C:\Users\emirm\.m2\repository\io\opentracing\contrib\opentracing-spring-cloud-rxjava-starter\0.5.3\opentracing-spring-cloud-rxjava-starter-0.5.3.jar;C:\Users\emirm\.m2\repository\io\opentracing\contrib\opentracing-rxjava-1\0.1.3\opentracing-rxjava-1-0.1.3.jar;C:\Users\emirm\.m2\repository\io\opentracing\contrib\opentracing-spring-cloud-redis-starter\0.5.3\opentracing-spring-cloud-redis-starter-0.5.3.jar;C:\Users\emirm\.m2\repository\io\opentracing\contrib\opentracing-redis-spring-data2\0.1.14\opentracing-redis-spring-data2-0.1.14.jar;C:\Users\emirm\.m2\repository\io\opentracing\contrib\opentracing-redis-common\0.1.14\opentracing-redis-common-0.1.14.jar;C:\Users\emirm\.m2\repository\io\opentracing\contrib\opentracing-spring-cloud-mongo-starter\0.5.3\opentracing-spring-cloud-mongo-starter-0.5.3.jar;C:\Users\emirm\.m2\repository\io\opentracing\contrib\opentracing-mongo-driver\0.1.5\opentracing-mongo-driver-0.1.5.jar;C:\Users\emirm\.m2\repository\io\opentracing\contrib\opentracing-mongo-common\0.1.5\opentracing-mongo-common-0.1.5.jar;C:\Users\emirm\.m2\repository\io\opentracing\contrib\opentracing-spring-cloud-websocket-starter\0.5.3\opentracing-spring-cloud-websocket-starter-0.5.3.jar;C:\Users\emirm\.m2\repository\io\opentracing\contrib\opentracing-spring-cloud-zuul-starter\0.5.3\opentracing-spring-cloud-zuul-starter-0.5.3.jar;C:\Users\emirm\.m2\repository\io\opentracing\contrib\opentracing-spring-cloud-gateway-starter\0.5.3\opentracing-spring-cloud-gateway-starter-0.5.3.jar;C:\Users\emirm\.m2\repository\org\projectlombok\lombok\1.18.24\lombok-1.18.24.jar;C:\Users\emirm\.m2\repository\org\springframework\boot\spring-boot-starter-data-jpa\3.0.0\spring-boot-starter-data-jpa-3.0.0.jar;C:\Users\emirm\.m2\repository\org\springframework\boot\spring-boot-starter-aop\3.0.0\spring-boot-starter-aop-3.0.0.jar;C:\Users\emirm\.m2\repository\org\springframework\spring-aop\6.0.2\spring-aop-6.0.2.jar;C:\Users\emirm\.m2\repository\org\aspectj\aspectjweaver\1.9.9.1\aspectjweaver-1.9.9.1.jar;C:\Users\emirm\.m2\repository\org\springframework\boot\spring-boot-starter-jdbc\3.0.0\spring-boot-starter-jdbc-3.0.0.jar;C:\Users\emirm\.m2\repository\com\zaxxer\HikariCP\5.0.1\HikariCP-5.0.1.jar;C:\Users\emirm\.m2\repository\org\springframework\spring-jdbc\6.0.2\spring-jdbc-6.0.2.jar;C:\Users\emirm\.m2\repository\org\hibernate\orm\hibernate-core\6.1.5.Final\hibernate-core-6.1.5.Final.jar;C:\Users\emirm\.m2\repository\jakarta\persistence\jakarta.persistence-api\3.1.0\jakarta.persistence-api-3.1.0.jar;C:\Users\emirm\.m2\repository\jakarta\transaction\jakarta.transaction-api\2.0.1\jakarta.transaction-api-2.0.1.jar;C:\Users\emirm\.m2\repository\org\jboss\logging\jboss-logging\3.5.0.Final\jboss-logging-3.5.0.Final.jar;C:\Users\emirm\.m2\repository\org\hibernate\common\hibernate-commons-annotations\6.0.2.Final\hibernate-commons-annotations-6.0.2.Final.jar;C:\Users\emirm\.m2\repository\org\jboss\jandex\2.4.2.Final\jandex-2.4.2.Final.jar;C:\Users\emirm\.m2\repository\com\fasterxml\classmate\1.5.1\classmate-1.5.1.jar;C:\Users\emirm\.m2\repository\net\bytebuddy\byte-buddy\1.12.19\byte-buddy-1.12.19.jar;C:\Users\emirm\.m2\repository\org\glassfish\jaxb\jaxb-runtime\4.0.1\jaxb-runtime-4.0.1.jar;C:\Users\emirm\.m2\repository\org\glassfish\jaxb\jaxb-core\4.0.1\jaxb-core-4.0.1.jar;C:\Users\emirm\.m2\repository\org\eclipse\angus\angus-activation\1.0.0\angus-activation-1.0.0.jar;C:\Users\emirm\.m2\repository\org\glassfish\jaxb\txw2\4.0.1\txw2-4.0.1.jar;C:\Users\emirm\.m2\repository\com\sun\istack\istack-commons-runtime\4.1.1\istack-commons-runtime-4.1.1.jar;C:\Users\emirm\.m2\repository\jakarta\inject\jakarta.inject-api\2.0.0\jakarta.inject-api-2.0.0.jar;C:\Users\emirm\.m2\repository\org\antlr\antlr4-runtime\4.10.1\antlr4-runtime-4.10.1.jar;C:\Users\emirm\.m2\repository\org\springframework\data\spring-data-jpa\3.0.0\spring-data-jpa-3.0.0.jar;C:\Users\emirm\.m2\repository\org\springframework\data\spring-data-commons\3.0.0\spring-data-commons-3.0.0.jar;C:\Users\emirm\.m2\repository\org\springframework\spring-orm\6.0.2\spring-orm-6.0.2.jar;C:\Users\emirm\.m2\repository\org\springframework\spring-context\6.0.2\spring-context-6.0.2.jar;C:\Users\emirm\.m2\repository\org\springframework\spring-tx\6.0.2\spring-tx-6.0.2.jar;C:\Users\emirm\.m2\repository\org\springframework\spring-beans\6.0.2\spring-beans-6.0.2.jar;C:\Users\emirm\.m2\repository\jakarta\annotation\jakarta.annotation-api\2.1.1\jakarta.annotation-api-2.1.1.jar;C:\Users\emirm\.m2\repository\org\slf4j\slf4j-api\2.0.4\slf4j-api-2.0.4.jar;C:\Users\emirm\.m2\repository\org\springframework\spring-aspects\6.0.2\spring-aspects-6.0.2.jar;C:\Users\emirm\.m2\repository\org\postgresql\postgresql\42.7.1\postgresql-42.7.1.jar;C:\Users\emirm\.m2\repository\org\checkerframework\checker-qual\3.41.0\checker-qual-3.41.0.jar;C:\Users\emirm\.m2\repository\org\springframework\cloud\spring-cloud-starter-sleuth\3.1.9\spring-cloud-starter-sleuth-3.1.9.jar;C:\Users\emirm\.m2\repository\org\springframework\cloud\spring-cloud-starter\3.1.7\spring-cloud-starter-3.1.7.jar;C:\Users\emirm\.m2\repository\org\springframework\cloud\spring-cloud-context\3.1.7\spring-cloud-context-3.1.7.jar;C:\Users\emirm\.m2\repository\org\springframework\security\spring-security-crypto\6.0.0\spring-security-crypto-6.0.0.jar;C:\Users\emirm\.m2\repository\org\springframework\cloud\spring-cloud-commons\3.1.7\spring-cloud-commons-3.1.7.jar;C:\Users\emirm\.m2\repository\org\springframework\security\spring-security-rsa\1.0.11.RELEASE\spring-security-rsa-1.0.11.RELEASE.jar;C:\Users\emirm\.m2\repository\org\bouncycastle\bcpkix-jdk15on\1.69\bcpkix-jdk15on-1.69.jar;C:\Users\emirm\.m2\repository\org\bouncycastle\bcprov-jdk15on\1.69\bcprov-jdk15on-1.69.jar;C:\Users\emirm\.m2\repository\org\bouncycastle\bcutil-jdk15on\1.69\bcutil-jdk15on-1.69.jar;C:\Users\emirm\.m2\repository\org\springframework\cloud\spring-cloud-sleuth-autoconfigure\3.1.9\spring-cloud-sleuth-autoconfigure-3.1.9.jar;C:\Users\emirm\.m2\repository\org\aspectj\aspectjrt\1.9.9.1\aspectjrt-1.9.9.1.jar;C:\Users\emirm\.m2\repository\org\springframework\cloud\spring-cloud-sleuth-brave\3.1.9\spring-cloud-sleuth-brave-3.1.9.jar;C:\Users\emirm\.m2\repository\io\zipkin\brave\brave\5.14.1\brave-5.14.1.jar;C:\Users\emirm\.m2\repository\io\zipkin\brave\brave-context-slf4j\5.14.1\brave-context-slf4j-5.14.1.jar;C:\Users\emirm\.m2\repository\io\zipkin\brave\brave-instrumentation-messaging\5.14.1\brave-instrumentation-messaging-5.14.1.jar;C:\Users\emirm\.m2\repository\io\zipkin\brave\brave-instrumentation-rpc\5.14.1\brave-instrumentation-rpc-5.14.1.jar;C:\Users\emirm\.m2\repository\io\zipkin\brave\brave-instrumentation-spring-rabbit\5.14.1\brave-instrumentation-spring-rabbit-5.14.1.jar;C:\Users\emirm\.m2\repository\io\zipkin\brave\brave-instrumentation-kafka-clients\5.14.1\brave-instrumentation-kafka-clients-5.14.1.jar;C:\Users\emirm\.m2\repository\io\zipkin\brave\brave-instrumentation-kafka-streams\5.14.1\brave-instrumentation-kafka-streams-5.14.1.jar;C:\Users\emirm\.m2\repository\io\zipkin\brave\brave-instrumentation-httpclient\5.14.1\brave-instrumentation-httpclient-5.14.1.jar;C:\Users\emirm\.m2\repository\io\zipkin\brave\brave-instrumentation-http\5.14.1\brave-instrumentation-http-5.14.1.jar;C:\Users\emirm\.m2\repository\io\zipkin\brave\brave-instrumentation-httpasyncclient\5.14.1\brave-instrumentation-httpasyncclient-5.14.1.jar;C:\Users\emirm\.m2\repository\io\zipkin\brave\brave-instrumentation-jms\5.14.1\brave-instrumentation-jms-5.14.1.jar;C:\Users\emirm\.m2\repository\io\zipkin\brave\brave-instrumentation-mongodb\5.14.1\brave-instrumentation-mongodb-5.14.1.jar;C:\Users\emirm\.m2\repository\io\zipkin\aws\brave-propagation-aws\0.21.3\brave-propagation-aws-0.21.3.jar;C:\Users\emirm\.m2\repository\io\zipkin\reporter2\zipkin-reporter-metrics-micrometer\2.16.3\zipkin-reporter-metrics-micrometer-2.16.3.jar;C:\Users\emirm\.m2\repository\io\zipkin\reporter2\zipkin-reporter\2.16.3\zipkin-reporter-2.16.3.jar;C:\Users\emirm\.m2\repository\io\zipkin\zipkin2\zipkin\2.23.2\zipkin-2.23.2.jar;C:\Users\emirm\.m2\repository\org\springframework\cloud\spring-cloud-sleuth-otel\1.1.4\spring-cloud-sleuth-otel-1.1.4.jar;C:\Users\emirm\.m2\repository\org\springframework\cloud\spring-cloud-sleuth-instrumentation\3.1.9\spring-cloud-sleuth-instrumentation-3.1.9.jar;C:\Users\emirm\.m2\repository\org\springframework\cloud\spring-cloud-sleuth-api\3.1.9\spring-cloud-sleuth-api-3.1.9.jar;C:\Users\emirm\.m2\repository\org\springframework\boot\spring-boot-starter\3.0.0\spring-boot-starter-3.0.0.jar;C:\Users\emirm\.m2\repository\org\springframework\boot\spring-boot\3.0.0\spring-boot-3.0.0.jar;C:\Users\emirm\.m2\repository\org\springframework\boot\spring-boot-autoconfigure\3.0.0\spring-boot-autoconfigure-3.0.0.jar;C:\Users\emirm\.m2\repository\org\springframework\boot\spring-boot-starter-logging\3.0.0\spring-boot-starter-logging-3.0.0.jar;C:\Users\emirm\.m2\repository\ch\qos\logback\logback-classic\1.4.5\logback-classic-1.4.5.jar;C:\Users\emirm\.m2\repository\ch\qos\logback\logback-core\1.4.5\logback-core-1.4.5.jar;C:\Users\emirm\.m2\repository\org\apache\logging\log4j\log4j-to-slf4j\2.19.0\log4j-to-slf4j-2.19.0.jar;C:\Users\emirm\.m2\repository\org\apache\logging\log4j\log4j-api\2.19.0\log4j-api-2.19.0.jar;C:\Users\emirm\.m2\repository\org\slf4j\jul-to-slf4j\2.0.4\jul-to-slf4j-2.0.4.jar;C:\Users\emirm\.m2\repository\org\yaml\snakeyaml\1.33\snakeyaml-1.33.jar;C:\Users\emirm\.m2\repository\org\springframework\spring-jcl\6.0.2\spring-jcl-6.0.2.jar;C:\Users\emirm\.m2\repository\io\opentelemetry\opentelemetry-api\1.19.0\opentelemetry-api-1.19.0.jar;C:\Users\emirm\.m2\repository\io\opentelemetry\opentelemetry-context\1.19.0\opentelemetry-context-1.19.0.jar;C:\Users\emirm\.m2\repository\io\opentelemetry\opentelemetry-extension-aws\1.19.0\opentelemetry-extension-aws-1.19.0.jar;C:\Users\emirm\.m2\repository\io\opentelemetry\opentelemetry-semconv\1.28.0-alpha\opentelemetry-semconv-1.28.0-alpha.jar;C:\Users\emirm\.m2\repository\io\opentelemetry\opentelemetry-sdk-common\1.19.0\opentelemetry-sdk-common-1.19.0.jar;C:\Users\emirm\.m2\repository\io\opentelemetry\opentelemetry-sdk-metrics\1.19.0\opentelemetry-sdk-metrics-1.19.0.jar;C:\Users\emirm\.m2\repository\io\opentelemetry\opentelemetry-sdk-logs\1.28.0\opentelemetry-sdk-logs-1.28.0.jar;C:\Users\emirm\.m2\repository\io\opentelemetry\opentelemetry-sdk-trace\1.19.0\opentelemetry-sdk-trace-1.19.0.jar;C:\Users\emirm\.m2\repository\io\opentelemetry\opentelemetry-sdk\1.19.0\opentelemetry-sdk-1.19.0.jar;C:\Users\emirm\.m2\repository\io\opentelemetry\instrumentation\opentelemetry-instrumentation-api\1.28.0\opentelemetry-instrumentation-api-1.28.0.jar;C:\Users\emirm\.m2\repository\io\opentelemetry\instrumentation\opentelemetry-instrumentation-api-semconv\1.28.0-alpha\opentelemetry-instrumentation-api-semconv-1.28.0-alpha.jar;C:\Users\emirm\.m2\repository\io\opentelemetry\opentelemetry-extension-trace-propagators\1.19.0\opentelemetry-extension-trace-propagators-1.19.0.jar;C:\Users\emirm\.m2\repository\org\springframework\boot\spring-boot-starter-web\3.0.0\spring-boot-starter-web-3.0.0.jar;C:\Users\emirm\.m2\repository\org\springframework\boot\spring-boot-starter-json\3.0.0\spring-boot-starter-json-3.0.0.jar;C:\Users\emirm\.m2\repository\com\fasterxml\jackson\core\jackson-databind\2.14.1\jackson-databind-2.14.1.jar;C:\Users\emirm\.m2\repository\com\fasterxml\jackson\core\jackson-annotations\2.14.1\jackson-annotations-2.14.1.jar;C:\Users\emirm\.m2\repository\com\fasterxml\jackson\core\jackson-core\2.14.1\jackson-core-2.14.1.jar;C:\Users\emirm\.m2\repository\com\fasterxml\jackson\datatype\jackson-datatype-jdk8\2.14.1\jackson-datatype-jdk8-2.14.1.jar;C:\Users\emirm\.m2\repository\com\fasterxml\jackson\datatype\jackson-datatype-jsr310\2.14.1\jackson-datatype-jsr310-2.14.1.jar;C:\Users\emirm\.m2\repository\com\fasterxml\jackson\module\jackson-module-parameter-names\2.14.1\jackson-module-parameter-names-2.14.1.jar;C:\Users\emirm\.m2\repository\org\springframework\boot\spring-boot-starter-tomcat\3.0.0\spring-boot-starter-tomcat-3.0.0.jar;C:\Users\emirm\.m2\repository\org\apache\tomcat\embed\tomcat-embed-core\10.1.1\tomcat-embed-core-10.1.1.jar;C:\Users\emirm\.m2\repository\org\apache\tomcat\embed\tomcat-embed-el\10.1.1\tomcat-embed-el-10.1.1.jar;C:\Users\emirm\.m2\repository\org\apache\tomcat\embed\tomcat-embed-websocket\10.1.1\tomcat-embed-websocket-10.1.1.jar;C:\Users\emirm\.m2\repository\org\springframework\spring-web\6.0.2\spring-web-6.0.2.jar;C:\Users\emirm\.m2\repository\io\micrometer\micrometer-observation\1.10.2\micrometer-observation-1.10.2.jar;C:\Users\emirm\.m2\repository\io\micrometer\micrometer-commons\1.10.2\micrometer-commons-1.10.2.jar;C:\Users\emirm\.m2\repository\org\springframework\spring-webmvc\6.0.2\spring-webmvc-6.0.2.jar;C:\Users\emirm\.m2\repository\org\springframework\spring-expression\6.0.2\spring-expression-6.0.2.jar;C:\Users\emirm\.m2\repository\org\springframework\boot\spring-boot-starter-test\3.0.0\spring-boot-starter-test-3.0.0.jar;C:\Users\emirm\.m2\repository\org\springframework\boot\spring-boot-test\3.0.0\spring-boot-test-3.0.0.jar;C:\Users\emirm\.m2\repository\org\springframework\boot\spring-boot-test-autoconfigure\3.0.0\spring-boot-test-autoconfigure-3.0.0.jar;C:\Users\emirm\.m2\repository\com\jayway\jsonpath\json-path\2.7.0\json-path-2.7.0.jar;C:\Users\emirm\.m2\repository\net\minidev\json-smart\2.4.8\json-smart-2.4.8.jar;C:\Users\emirm\.m2\repository\net\minidev\accessors-smart\2.4.8\accessors-smart-2.4.8.jar;C:\Users\emirm\.m2\repository\org\ow2\asm\asm\9.1\asm-9.1.jar;C:\Users\emirm\.m2\repository\jakarta\xml\bind\jakarta.xml.bind-api\4.0.0\jakarta.xml.bind-api-4.0.0.jar;C:\Users\emirm\.m2\repository\jakarta\activation\jakarta.activation-api\2.1.0\jakarta.activation-api-2.1.0.jar;C:\Users\emirm\.m2\repository\org\assertj\assertj-core\3.23.1\assertj-core-3.23.1.jar;C:\Users\emirm\.m2\repository\org\hamcrest\hamcrest\2.2\hamcrest-2.2.jar;C:\Users\emirm\.m2\repository\org\junit\jupiter\junit-jupiter\5.9.1\junit-jupiter-5.9.1.jar;C:\Users\emirm\.m2\repository\org\junit\jupiter\junit-jupiter-api\5.9.1\junit-jupiter-api-5.9.1.jar;C:\Users\emirm\.m2\repository\org\opentest4j\opentest4j\1.2.0\opentest4j-1.2.0.jar;C:\Users\emirm\.m2\repository\org\junit\platform\junit-platform-commons\1.9.1\junit-platform-commons-1.9.1.jar;C:\Users\emirm\.m2\repository\org\apiguardian\apiguardian-api\1.1.2\apiguardian-api-1.1.2.jar;C:\Users\emirm\.m2\repository\org\junit\jupiter\junit-jupiter-params\5.9.1\junit-jupiter-params-5.9.1.jar;C:\Users\emirm\.m2\repository\org\junit\jupiter\junit-jupiter-engine\5.9.1\junit-jupiter-engine-5.9.1.jar;C:\Users\emirm\.m2\repository\org\junit\platform\junit-platform-engine\1.9.1\junit-platform-engine-1.9.1.jar;C:\Users\emirm\.m2\repository\org\mockito\mockito-core\4.8.1\mockito-core-4.8.1.jar;C:\Users\emirm\.m2\repository\net\bytebuddy\byte-buddy-agent\1.12.19\byte-buddy-agent-1.12.19.jar;C:\Users\emirm\.m2\repository\org\objenesis\objenesis\3.2\objenesis-3.2.jar;C:\Users\emirm\.m2\repository\org\mockito\mockito-junit-jupiter\4.8.1\mockito-junit-jupiter-4.8.1.jar;C:\Users\emirm\.m2\repository\org\skyscreamer\jsonassert\1.5.1\jsonassert-1.5.1.jar;C:\Users\emirm\.m2\repository\com\vaadin\external\google\android-json\0.0.20131108.vaadin1\android-json-0.0.20131108.vaadin1.jar;C:\Users\emirm\.m2\repository\org\springframework\spring-core\6.0.2\spring-core-6.0.2.jar;C:\Users\emirm\.m2\repository\org\springframework\spring-test\6.0.2\spring-test-6.0.2.jar;C:\Users\emirm\.m2\repository\org\xmlunit\xmlunit-core\2.9.0\xmlunit-core-2.9.0.jar;"/>
    <property name="java.vm.vendor" value="Oracle Corporation"/>
    <property name="sun.arch.data.model" value="64"/>
    <property name="user.variant" value=""/>
    <property name="java.vendor.url" value="https://java.oracle.com/"/>
    <property name="user.timezone" value="Europe/Sarajevo"/>
    <property name="os.name" value="Windows 10"/>
    <property name="java.vm.specification.version" value="17"/>
    <property name="sun.java.launcher" value="SUN_STANDARD"/>
    <property name="user.country" value="US"/>
    <property name="sun.boot.library.path" value="C:\Program Files\Java\jdk-17.0.3.1\bin"/>
    <property name="sun.java.command" value="C:\Users\emirm\AppData\Local\Temp\surefire11084094546339311251\surefirebooter3008951897051008075.jar C:\Users\emirm\AppData\Local\Temp\surefire11084094546339311251 2023-12-15T15-51-14_599-jvmRun1 surefire10600949838412470421tmp surefire_010374603638513613075tmp"/>
    <property name="jdk.debug" value="release"/>
    <property name="surefire.test.class.path" value="C:\Users\emirm\git\newMgr\PVS-Lab\TaskManager\target\test-classes;C:\Users\emirm\git\newMgr\PVS-Lab\TaskManager\target\classes;C:\Users\emirm\.m2\repository\io\opentracing\contrib\opentracing-spring-jaeger-cloud-starter\3.3.1\opentracing-spring-jaeger-cloud-starter-3.3.1.jar;C:\Users\emirm\.m2\repository\io\opentracing\contrib\opentracing-spring-jaeger-starter\3.3.1\opentracing-spring-jaeger-starter-3.3.1.jar;C:\Users\emirm\.m2\repository\io\opentracing\contrib\opentracing-spring-tracer-configuration-starter\0.4.0\opentracing-spring-tracer-configuration-starter-0.4.0.jar;C:\Users\emirm\.m2\repository\io\opentracing\opentracing-noop\0.33.0\opentracing-noop-0.33.0.jar;C:\Users\emirm\.m2\repository\io\opentracing\opentracing-util\0.33.0\opentracing-util-0.33.0.jar;C:\Users\emirm\.m2\repository\io\opentracing\contrib\opentracing-tracerresolver\0.1.8\opentracing-tracerresolver-0.1.8.jar;C:\Users\emirm\.m2\repository\io\opentracing\opentracing-api\0.33.0\opentracing-api-0.33.0.jar;C:\Users\emirm\.m2\repository\io\jaegertracing\jaeger-client\1.3.2\jaeger-client-1.3.2.jar;C:\Users\emirm\.m2\repository\io\jaegertracing\jaeger-thrift\1.3.2\jaeger-thrift-1.3.2.jar;C:\Users\emirm\.m2\repository\org\apache\thrift\libthrift\0.13.0\libthrift-0.13.0.jar;C:\Users\emirm\.m2\repository\javax\annotation\javax.annotation-api\1.3.2\javax.annotation-api-1.3.2.jar;C:\Users\emirm\.m2\repository\com\squareup\okhttp3\okhttp\4.10.0\okhttp-4.10.0.jar;C:\Users\emirm\.m2\repository\com\squareup\okio\okio-jvm\3.0.0\okio-jvm-3.0.0.jar;C:\Users\emirm\.m2\repository\org\jetbrains\kotlin\kotlin-stdlib-jdk8\1.7.21\kotlin-stdlib-jdk8-1.7.21.jar;C:\Users\emirm\.m2\repository\org\jetbrains\kotlin\kotlin-stdlib-jdk7\1.7.21\kotlin-stdlib-jdk7-1.7.21.jar;C:\Users\emirm\.m2\repository\org\jetbrains\kotlin\kotlin-stdlib-common\1.7.21\kotlin-stdlib-common-1.7.21.jar;C:\Users\emirm\.m2\repository\org\jetbrains\kotlin\kotlin-stdlib\1.7.21\kotlin-stdlib-1.7.21.jar;C:\Users\emirm\.m2\repository\org\jetbrains\annotations\13.0\annotations-13.0.jar;C:\Users\emirm\.m2\repository\io\jaegertracing\jaeger-core\1.3.2\jaeger-core-1.3.2.jar;C:\Users\emirm\.m2\repository\com\google\code\gson\gson\2.9.1\gson-2.9.1.jar;C:\Users\emirm\.m2\repository\io\jaegertracing\jaeger-tracerresolver\1.3.2\jaeger-tracerresolver-1.3.2.jar;C:\Users\emirm\.m2\repository\io\opentracing\contrib\opentracing-spring-cloud-starter\0.5.3\opentracing-spring-cloud-starter-0.5.3.jar;C:\Users\emirm\.m2\repository\io\opentracing\contrib\opentracing-spring-cloud-core\0.5.3\opentracing-spring-cloud-core-0.5.3.jar;C:\Users\emirm\.m2\repository\io\opentracing\contrib\opentracing-concurrent\0.4.0\opentracing-concurrent-0.4.0.jar;C:\Users\emirm\.m2\repository\io\opentracing\contrib\opentracing-spring-web-starter\3.0.1\opentracing-spring-web-starter-3.0.1.jar;C:\Users\emirm\.m2\repository\io\opentracing\contrib\opentracing-spring-web\3.0.1\opentracing-spring-web-3.0.1.jar;C:\Users\emirm\.m2\repository\io\opentracing\contrib\opentracing-web-servlet-filter\0.4.0\opentracing-web-servlet-filter-0.4.0.jar;C:\Users\emirm\.m2\repository\io\opentracing\contrib\opentracing-spring-messaging-starter\1.0.0\opentracing-spring-messaging-starter-1.0.0.jar;C:\Users\emirm\.m2\repository\io\opentracing\contrib\opentracing-spring-messaging\1.0.0\opentracing-spring-messaging-1.0.0.jar;C:\Users\emirm\.m2\repository\io\opentracing\contrib\opentracing-spring-rabbitmq-starter\3.0.0\opentracing-spring-rabbitmq-starter-3.0.0.jar;C:\Users\emirm\.m2\repository\io\opentracing\contrib\opentracing-spring-rabbitmq\3.0.0\opentracing-spring-rabbitmq-3.0.0.jar;C:\Users\emirm\.m2\repository\io\opentracing\contrib\opentracing-spring-cloud-jdbc-starter\0.5.3\opentracing-spring-cloud-jdbc-starter-0.5.3.jar;C:\Users\emirm\.m2\repository\io\opentracing\contrib\opentracing-jdbc\0.2.8\opentracing-jdbc-0.2.8.jar;C:\Users\emirm\.m2\repository\io\opentracing\contrib\common\0.1.4\common-0.1.4.jar;C:\Users\emirm\.m2\repository\io\opentracing\contrib\opentracing-spring-cloud-jms-starter\0.5.3\opentracing-spring-cloud-jms-starter-0.5.3.jar;C:\Users\emirm\.m2\repository\io\opentracing\contrib\opentracing-jms-spring\0.1.7\opentracing-jms-spring-0.1.7.jar;C:\Users\emirm\.m2\repository\io\opentracing\contrib\opentracing-jms-2\0.1.7\opentracing-jms-2-0.1.7.jar;C:\Users\emirm\.m2\repository\io\opentracing\contrib\opentracing-jms-common\0.1.7\opentracing-jms-common-0.1.7.jar;C:\Users\emirm\.m2\repository\io\opentracing\contrib\opentracing-spring-cloud-kafka-starter\0.5.3\opentracing-spring-cloud-kafka-starter-0.5.3.jar;C:\Users\emirm\.m2\repository\io\opentracing\contrib\opentracing-kafka-spring\0.1.12\opentracing-kafka-spring-0.1.12.jar;C:\Users\emirm\.m2\repository\io\opentracing\contrib\opentracing-kafka-client\0.1.12\opentracing-kafka-client-0.1.12.jar;C:\Users\emirm\.m2\repository\io\opentracing\contrib\opentracing-spring-cloud-feign-starter\0.5.3\opentracing-spring-cloud-feign-starter-0.5.3.jar;C:\Users\emirm\.m2\repository\io\github\openfeign\opentracing\feign-opentracing\0.4.0\feign-opentracing-0.4.0.jar;C:\Users\emirm\.m2\repository\io\github\openfeign\opentracing\feign-hystrix-opentracing\0.4.0\feign-hystrix-opentracing-0.4.0.jar;C:\Users\emirm\.m2\repository\io\opentracing\contrib\opentracing-spring-cloud-hystrix-starter\0.5.3\opentracing-spring-cloud-hystrix-starter-0.5.3.jar;C:\Users\emirm\.m2\repository\io\opentracing\contrib\opentracing-spring-cloud-reactor-starter\0.5.3\opentracing-spring-cloud-reactor-starter-0.5.3.jar;C:\Users\emirm\.m2\repository\io\opentracing\contrib\opentracing-reactor\0.1.2\opentracing-reactor-0.1.2.jar;C:\Users\emirm\.m2\repository\io\opentracing\contrib\opentracing-spring-cloud-rxjava-starter\0.5.3\opentracing-spring-cloud-rxjava-starter-0.5.3.jar;C:\Users\emirm\.m2\repository\io\opentracing\contrib\opentracing-rxjava-1\0.1.3\opentracing-rxjava-1-0.1.3.jar;C:\Users\emirm\.m2\repository\io\opentracing\contrib\opentracing-spring-cloud-redis-starter\0.5.3\opentracing-spring-cloud-redis-starter-0.5.3.jar;C:\Users\emirm\.m2\repository\io\opentracing\contrib\opentracing-redis-spring-data2\0.1.14\opentracing-redis-spring-data2-0.1.14.jar;C:\Users\emirm\.m2\repository\io\opentracing\contrib\opentracing-redis-common\0.1.14\opentracing-redis-common-0.1.14.jar;C:\Users\emirm\.m2\repository\io\opentracing\contrib\opentracing-spring-cloud-mongo-starter\0.5.3\opentracing-spring-cloud-mongo-starter-0.5.3.jar;C:\Users\emirm\.m2\repository\io\opentracing\contrib\opentracing-mongo-driver\0.1.5\opentracing-mongo-driver-0.1.5.jar;C:\Users\emirm\.m2\repository\io\opentracing\contrib\opentracing-mongo-common\0.1.5\opentracing-mongo-common-0.1.5.jar;C:\Users\emirm\.m2\repository\io\opentracing\contrib\opentracing-spring-cloud-websocket-starter\0.5.3\opentracing-spring-cloud-websocket-starter-0.5.3.jar;C:\Users\emirm\.m2\repository\io\opentracing\contrib\opentracing-spring-cloud-zuul-starter\0.5.3\opentracing-spring-cloud-zuul-starter-0.5.3.jar;C:\Users\emirm\.m2\repository\io\opentracing\contrib\opentracing-spring-cloud-gateway-starter\0.5.3\opentracing-spring-cloud-gateway-starter-0.5.3.jar;C:\Users\emirm\.m2\repository\org\projectlombok\lombok\1.18.24\lombok-1.18.24.jar;C:\Users\emirm\.m2\repository\org\springframework\boot\spring-boot-starter-data-jpa\3.0.0\spring-boot-starter-data-jpa-3.0.0.jar;C:\Users\emirm\.m2\repository\org\springframework\boot\spring-boot-starter-aop\3.0.0\spring-boot-starter-aop-3.0.0.jar;C:\Users\emirm\.m2\repository\org\springframework\spring-aop\6.0.2\spring-aop-6.0.2.jar;C:\Users\emirm\.m2\repository\org\aspectj\aspectjweaver\1.9.9.1\aspectjweaver-1.9.9.1.jar;C:\Users\emirm\.m2\repository\org\springframework\boot\spring-boot-starter-jdbc\3.0.0\spring-boot-starter-jdbc-3.0.0.jar;C:\Users\emirm\.m2\repository\com\zaxxer\HikariCP\5.0.1\HikariCP-5.0.1.jar;C:\Users\emirm\.m2\repository\org\springframework\spring-jdbc\6.0.2\spring-jdbc-6.0.2.jar;C:\Users\emirm\.m2\repository\org\hibernate\orm\hibernate-core\6.1.5.Final\hibernate-core-6.1.5.Final.jar;C:\Users\emirm\.m2\repository\jakarta\persistence\jakarta.persistence-api\3.1.0\jakarta.persistence-api-3.1.0.jar;C:\Users\emirm\.m2\repository\jakarta\transaction\jakarta.transaction-api\2.0.1\jakarta.transaction-api-2.0.1.jar;C:\Users\emirm\.m2\repository\org\jboss\logging\jboss-logging\3.5.0.Final\jboss-logging-3.5.0.Final.jar;C:\Users\emirm\.m2\repository\org\hibernate\common\hibernate-commons-annotations\6.0.2.Final\hibernate-commons-annotations-6.0.2.Final.jar;C:\Users\emirm\.m2\repository\org\jboss\jandex\2.4.2.Final\jandex-2.4.2.Final.jar;C:\Users\emirm\.m2\repository\com\fasterxml\classmate\1.5.1\classmate-1.5.1.jar;C:\Users\emirm\.m2\repository\net\bytebuddy\byte-buddy\1.12.19\byte-buddy-1.12.19.jar;C:\Users\emirm\.m2\repository\org\glassfish\jaxb\jaxb-runtime\4.0.1\jaxb-runtime-4.0.1.jar;C:\Users\emirm\.m2\repository\org\glassfish\jaxb\jaxb-core\4.0.1\jaxb-core-4.0.1.jar;C:\Users\emirm\.m2\repository\org\eclipse\angus\angus-activation\1.0.0\angus-activation-1.0.0.jar;C:\Users\emirm\.m2\repository\org\glassfish\jaxb\txw2\4.0.1\txw2-4.0.1.jar;C:\Users\emirm\.m2\repository\com\sun\istack\istack-commons-runtime\4.1.1\istack-commons-runtime-4.1.1.jar;C:\Users\emirm\.m2\repository\jakarta\inject\jakarta.inject-api\2.0.0\jakarta.inject-api-2.0.0.jar;C:\Users\emirm\.m2\repository\org\antlr\antlr4-runtime\4.10.1\antlr4-runtime-4.10.1.jar;C:\Users\emirm\.m2\repository\org\springframework\data\spring-data-jpa\3.0.0\spring-data-jpa-3.0.0.jar;C:\Users\emirm\.m2\repository\org\springframework\data\spring-data-commons\3.0.0\spring-data-commons-3.0.0.jar;C:\Users\emirm\.m2\repository\org\springframework\spring-orm\6.0.2\spring-orm-6.0.2.jar;C:\Users\emirm\.m2\repository\org\springframework\spring-context\6.0.2\spring-context-6.0.2.jar;C:\Users\emirm\.m2\repository\org\springframework\spring-tx\6.0.2\spring-tx-6.0.2.jar;C:\Users\emirm\.m2\repository\org\springframework\spring-beans\6.0.2\spring-beans-6.0.2.jar;C:\Users\emirm\.m2\repository\jakarta\annotation\jakarta.annotation-api\2.1.1\jakarta.annotation-api-2.1.1.jar;C:\Users\emirm\.m2\repository\org\slf4j\slf4j-api\2.0.4\slf4j-api-2.0.4.jar;C:\Users\emirm\.m2\repository\org\springframework\spring-aspects\6.0.2\spring-aspects-6.0.2.jar;C:\Users\emirm\.m2\repository\org\postgresql\postgresql\42.7.1\postgresql-42.7.1.jar;C:\Users\emirm\.m2\repository\org\checkerframework\checker-qual\3.41.0\checker-qual-3.41.0.jar;C:\Users\emirm\.m2\repository\org\springframework\cloud\spring-cloud-starter-sleuth\3.1.9\spring-cloud-starter-sleuth-3.1.9.jar;C:\Users\emirm\.m2\repository\org\springframework\cloud\spring-cloud-starter\3.1.7\spring-cloud-starter-3.1.7.jar;C:\Users\emirm\.m2\repository\org\springframework\cloud\spring-cloud-context\3.1.7\spring-cloud-context-3.1.7.jar;C:\Users\emirm\.m2\repository\org\springframework\security\spring-security-crypto\6.0.0\spring-security-crypto-6.0.0.jar;C:\Users\emirm\.m2\repository\org\springframework\cloud\spring-cloud-commons\3.1.7\spring-cloud-commons-3.1.7.jar;C:\Users\emirm\.m2\repository\org\springframework\security\spring-security-rsa\1.0.11.RELEASE\spring-security-rsa-1.0.11.RELEASE.jar;C:\Users\emirm\.m2\repository\org\bouncycastle\bcpkix-jdk15on\1.69\bcpkix-jdk15on-1.69.jar;C:\Users\emirm\.m2\repository\org\bouncycastle\bcprov-jdk15on\1.69\bcprov-jdk15on-1.69.jar;C:\Users\emirm\.m2\repository\org\bouncycastle\bcutil-jdk15on\1.69\bcutil-jdk15on-1.69.jar;C:\Users\emirm\.m2\repository\org\springframework\cloud\spring-cloud-sleuth-autoconfigure\3.1.9\spring-cloud-sleuth-autoconfigure-3.1.9.jar;C:\Users\emirm\.m2\repository\org\aspectj\aspectjrt\1.9.9.1\aspectjrt-1.9.9.1.jar;C:\Users\emirm\.m2\repository\org\springframework\cloud\spring-cloud-sleuth-brave\3.1.9\spring-cloud-sleuth-brave-3.1.9.jar;C:\Users\emirm\.m2\repository\io\zipkin\brave\brave\5.14.1\brave-5.14.1.jar;C:\Users\emirm\.m2\repository\io\zipkin\brave\brave-context-slf4j\5.14.1\brave-context-slf4j-5.14.1.jar;C:\Users\emirm\.m2\repository\io\zipkin\brave\brave-instrumentation-messaging\5.14.1\brave-instrumentation-messaging-5.14.1.jar;C:\Users\emirm\.m2\repository\io\zipkin\brave\brave-instrumentation-rpc\5.14.1\brave-instrumentation-rpc-5.14.1.jar;C:\Users\emirm\.m2\repository\io\zipkin\brave\brave-instrumentation-spring-rabbit\5.14.1\brave-instrumentation-spring-rabbit-5.14.1.jar;C:\Users\emirm\.m2\repository\io\zipkin\brave\brave-instrumentation-kafka-clients\5.14.1\brave-instrumentation-kafka-clients-5.14.1.jar;C:\Users\emirm\.m2\repository\io\zipkin\brave\brave-instrumentation-kafka-streams\5.14.1\brave-instrumentation-kafka-streams-5.14.1.jar;C:\Users\emirm\.m2\repository\io\zipkin\brave\brave-instrumentation-httpclient\5.14.1\brave-instrumentation-httpclient-5.14.1.jar;C:\Users\emirm\.m2\repository\io\zipkin\brave\brave-instrumentation-http\5.14.1\brave-instrumentation-http-5.14.1.jar;C:\Users\emirm\.m2\repository\io\zipkin\brave\brave-instrumentation-httpasyncclient\5.14.1\brave-instrumentation-httpasyncclient-5.14.1.jar;C:\Users\emirm\.m2\repository\io\zipkin\brave\brave-instrumentation-jms\5.14.1\brave-instrumentation-jms-5.14.1.jar;C:\Users\emirm\.m2\repository\io\zipkin\brave\brave-instrumentation-mongodb\5.14.1\brave-instrumentation-mongodb-5.14.1.jar;C:\Users\emirm\.m2\repository\io\zipkin\aws\brave-propagation-aws\0.21.3\brave-propagation-aws-0.21.3.jar;C:\Users\emirm\.m2\repository\io\zipkin\reporter2\zipkin-reporter-metrics-micrometer\2.16.3\zipkin-reporter-metrics-micrometer-2.16.3.jar;C:\Users\emirm\.m2\repository\io\zipkin\reporter2\zipkin-reporter\2.16.3\zipkin-reporter-2.16.3.jar;C:\Users\emirm\.m2\repository\io\zipkin\zipkin2\zipkin\2.23.2\zipkin-2.23.2.jar;C:\Users\emirm\.m2\repository\org\springframework\cloud\spring-cloud-sleuth-otel\1.1.4\spring-cloud-sleuth-otel-1.1.4.jar;C:\Users\emirm\.m2\repository\org\springframework\cloud\spring-cloud-sleuth-instrumentation\3.1.9\spring-cloud-sleuth-instrumentation-3.1.9.jar;C:\Users\emirm\.m2\repository\org\springframework\cloud\spring-cloud-sleuth-api\3.1.9\spring-cloud-sleuth-api-3.1.9.jar;C:\Users\emirm\.m2\repository\org\springframework\boot\spring-boot-starter\3.0.0\spring-boot-starter-3.0.0.jar;C:\Users\emirm\.m2\repository\org\springframework\boot\spring-boot\3.0.0\spring-boot-3.0.0.jar;C:\Users\emirm\.m2\repository\org\springframework\boot\spring-boot-autoconfigure\3.0.0\spring-boot-autoconfigure-3.0.0.jar;C:\Users\emirm\.m2\repository\org\springframework\boot\spring-boot-starter-logging\3.0.0\spring-boot-starter-logging-3.0.0.jar;C:\Users\emirm\.m2\repository\ch\qos\logback\logback-classic\1.4.5\logback-classic-1.4.5.jar;C:\Users\emirm\.m2\repository\ch\qos\logback\logback-core\1.4.5\logback-core-1.4.5.jar;C:\Users\emirm\.m2\repository\org\apache\logging\log4j\log4j-to-slf4j\2.19.0\log4j-to-slf4j-2.19.0.jar;C:\Users\emirm\.m2\repository\org\apache\logging\log4j\log4j-api\2.19.0\log4j-api-2.19.0.jar;C:\Users\emirm\.m2\repository\org\slf4j\jul-to-slf4j\2.0.4\jul-to-slf4j-2.0.4.jar;C:\Users\emirm\.m2\repository\org\yaml\snakeyaml\1.33\snakeyaml-1.33.jar;C:\Users\emirm\.m2\repository\org\springframework\spring-jcl\6.0.2\spring-jcl-6.0.2.jar;C:\Users\emirm\.m2\repository\io\opentelemetry\opentelemetry-api\1.19.0\opentelemetry-api-1.19.0.jar;C:\Users\emirm\.m2\repository\io\opentelemetry\opentelemetry-context\1.19.0\opentelemetry-context-1.19.0.jar;C:\Users\emirm\.m2\repository\io\opentelemetry\opentelemetry-extension-aws\1.19.0\opentelemetry-extension-aws-1.19.0.jar;C:\Users\emirm\.m2\repository\io\opentelemetry\opentelemetry-semconv\1.28.0-alpha\opentelemetry-semconv-1.28.0-alpha.jar;C:\Users\emirm\.m2\repository\io\opentelemetry\opentelemetry-sdk-common\1.19.0\opentelemetry-sdk-common-1.19.0.jar;C:\Users\emirm\.m2\repository\io\opentelemetry\opentelemetry-sdk-metrics\1.19.0\opentelemetry-sdk-metrics-1.19.0.jar;C:\Users\emirm\.m2\repository\io\opentelemetry\opentelemetry-sdk-logs\1.28.0\opentelemetry-sdk-logs-1.28.0.jar;C:\Users\emirm\.m2\repository\io\opentelemetry\opentelemetry-sdk-trace\1.19.0\opentelemetry-sdk-trace-1.19.0.jar;C:\Users\emirm\.m2\repository\io\opentelemetry\opentelemetry-sdk\1.19.0\opentelemetry-sdk-1.19.0.jar;C:\Users\emirm\.m2\repository\io\opentelemetry\instrumentation\opentelemetry-instrumentation-api\1.28.0\opentelemetry-instrumentation-api-1.28.0.jar;C:\Users\emirm\.m2\repository\io\opentelemetry\instrumentation\opentelemetry-instrumentation-api-semconv\1.28.0-alpha\opentelemetry-instrumentation-api-semconv-1.28.0-alpha.jar;C:\Users\emirm\.m2\repository\io\opentelemetry\opentelemetry-extension-trace-propagators\1.19.0\opentelemetry-extension-trace-propagators-1.19.0.jar;C:\Users\emirm\.m2\repository\org\springframework\boot\spring-boot-starter-web\3.0.0\spring-boot-starter-web-3.0.0.jar;C:\Users\emirm\.m2\repository\org\springframework\boot\spring-boot-starter-json\3.0.0\spring-boot-starter-json-3.0.0.jar;C:\Users\emirm\.m2\repository\com\fasterxml\jackson\core\jackson-databind\2.14.1\jackson-databind-2.14.1.jar;C:\Users\emirm\.m2\repository\com\fasterxml\jackson\core\jackson-annotations\2.14.1\jackson-annotations-2.14.1.jar;C:\Users\emirm\.m2\repository\com\fasterxml\jackson\core\jackson-core\2.14.1\jackson-core-2.14.1.jar;C:\Users\emirm\.m2\repository\com\fasterxml\jackson\datatype\jackson-datatype-jdk8\2.14.1\jackson-datatype-jdk8-2.14.1.jar;C:\Users\emirm\.m2\repository\com\fasterxml\jackson\datatype\jackson-datatype-jsr310\2.14.1\jackson-datatype-jsr310-2.14.1.jar;C:\Users\emirm\.m2\repository\com\fasterxml\jackson\module\jackson-module-parameter-names\2.14.1\jackson-module-parameter-names-2.14.1.jar;C:\Users\emirm\.m2\repository\org\springframework\boot\spring-boot-starter-tomcat\3.0.0\spring-boot-starter-tomcat-3.0.0.jar;C:\Users\emirm\.m2\repository\org\apache\tomcat\embed\tomcat-embed-core\10.1.1\tomcat-embed-core-10.1.1.jar;C:\Users\emirm\.m2\repository\org\apache\tomcat\embed\tomcat-embed-el\10.1.1\tomcat-embed-el-10.1.1.jar;C:\Users\emirm\.m2\repository\org\apache\tomcat\embed\tomcat-embed-websocket\10.1.1\tomcat-embed-websocket-10.1.1.jar;C:\Users\emirm\.m2\repository\org\springframework\spring-web\6.0.2\spring-web-6.0.2.jar;C:\Users\emirm\.m2\repository\io\micrometer\micrometer-observation\1.10.2\micrometer-observation-1.10.2.jar;C:\Users\emirm\.m2\repository\io\micrometer\micrometer-commons\1.10.2\micrometer-commons-1.10.2.jar;C:\Users\emirm\.m2\repository\org\springframework\spring-webmvc\6.0.2\spring-webmvc-6.0.2.jar;C:\Users\emirm\.m2\repository\org\springframework\spring-expression\6.0.2\spring-expression-6.0.2.jar;C:\Users\emirm\.m2\repository\org\springframework\boot\spring-boot-starter-test\3.0.0\spring-boot-starter-test-3.0.0.jar;C:\Users\emirm\.m2\repository\org\springframework\boot\spring-boot-test\3.0.0\spring-boot-test-3.0.0.jar;C:\Users\emirm\.m2\repository\org\springframework\boot\spring-boot-test-autoconfigure\3.0.0\spring-boot-test-autoconfigure-3.0.0.jar;C:\Users\emirm\.m2\repository\com\jayway\jsonpath\json-path\2.7.0\json-path-2.7.0.jar;C:\Users\emirm\.m2\repository\net\minidev\json-smart\2.4.8\json-smart-2.4.8.jar;C:\Users\emirm\.m2\repository\net\minidev\accessors-smart\2.4.8\accessors-smart-2.4.8.jar;C:\Users\emirm\.m2\repository\org\ow2\asm\asm\9.1\asm-9.1.jar;C:\Users\emirm\.m2\repository\jakarta\xml\bind\jakarta.xml.bind-api\4.0.0\jakarta.xml.bind-api-4.0.0.jar;C:\Users\emirm\.m2\repository\jakarta\activation\jakarta.activation-api\2.1.0\jakarta.activation-api-2.1.0.jar;C:\Users\emirm\.m2\repository\org\assertj\assertj-core\3.23.1\assertj-core-3.23.1.jar;C:\Users\emirm\.m2\repository\org\hamcrest\hamcrest\2.2\hamcrest-2.2.jar;C:\Users\emirm\.m2\repository\org\junit\jupiter\junit-jupiter\5.9.1\junit-jupiter-5.9.1.jar;C:\Users\emirm\.m2\repository\org\junit\jupiter\junit-jupiter-api\5.9.1\junit-jupiter-api-5.9.1.jar;C:\Users\emirm\.m2\repository\org\opentest4j\opentest4j\1.2.0\opentest4j-1.2.0.jar;C:\Users\emirm\.m2\repository\org\junit\platform\junit-platform-commons\1.9.1\junit-platform-commons-1.9.1.jar;C:\Users\emirm\.m2\repository\org\apiguardian\apiguardian-api\1.1.2\apiguardian-api-1.1.2.jar;C:\Users\emirm\.m2\repository\org\junit\jupiter\junit-jupiter-params\5.9.1\junit-jupiter-params-5.9.1.jar;C:\Users\emirm\.m2\repository\org\junit\jupiter\junit-jupiter-engine\5.9.1\junit-jupiter-engine-5.9.1.jar;C:\Users\emirm\.m2\repository\org\junit\platform\junit-platform-engine\1.9.1\junit-platform-engine-1.9.1.jar;C:\Users\emirm\.m2\repository\org\mockito\mockito-core\4.8.1\mockito-core-4.8.1.jar;C:\Users\emirm\.m2\repository\net\bytebuddy\byte-buddy-agent\1.12.19\byte-buddy-agent-1.12.19.jar;C:\Users\emirm\.m2\repository\org\objenesis\objenesis\3.2\objenesis-3.2.jar;C:\Users\emirm\.m2\repository\org\mockito\mockito-junit-jupiter\4.8.1\mockito-junit-jupiter-4.8.1.jar;C:\Users\emirm\.m2\repository\org\skyscreamer\jsonassert\1.5.1\jsonassert-1.5.1.jar;C:\Users\emirm\.m2\repository\com\vaadin\external\google\android-json\0.0.20131108.vaadin1\android-json-0.0.20131108.vaadin1.jar;C:\Users\emirm\.m2\repository\org\springframework\spring-core\6.0.2\spring-core-6.0.2.jar;C:\Users\emirm\.m2\repository\org\springframework\spring-test\6.0.2\spring-test-6.0.2.jar;C:\Users\emirm\.m2\repository\org\xmlunit\xmlunit-core\2.9.0\xmlunit-core-2.9.0.jar;"/>
    <property name="sun.cpu.endian" value="little"/>
    <property name="user.home" value="C:\Users\emirm"/>
    <property name="user.language" value="en"/>
    <property name="java.specification.vendor" value="Oracle Corporation"/>
    <property name="java.version.date" value="2022-04-22"/>
    <property name="java.home" value="C:\Program Files\Java\jdk-17.0.3.1"/>
    <property name="file.separator" value="\"/>
    <property name="basedir" value="C:\Users\emirm\git\newMgr\PVS-Lab\TaskManager"/>
    <property name="java.vm.compressedOopsMode" value="Zero based"/>
    <property name="line.separator" value="&#10;"/>
    <property name="java.vm.specification.vendor" value="Oracle Corporation"/>
    <property name="java.specification.name" value="Java Platform API Specification"/>
    <property name="surefire.real.class.path" value="C:\Users\emirm\AppData\Local\Temp\surefire11084094546339311251\surefirebooter3008951897051008075.jar"/>
    <property name="user.script" value=""/>
    <property name="sun.management.compiler" value="HotSpot 64-Bit Tiered Compilers"/>
    <property name="java.runtime.version" value="17.0.3.1+2-LTS-6"/>
    <property name="user.name" value="emirm"/>
    <property name="path.separator" value=";"/>
    <property name="os.version" value="10.0"/>
    <property name="java.runtime.name" value="Java(TM) SE Runtime Environment"/>
    <property name="file.encoding" value="Cp1252"/>
    <property name="java.vm.name" value="Java HotSpot(TM) 64-Bit Server VM"/>
    <property name="localRepository" value="C:\Users\emirm\.m2\repository"/>
    <property name="java.vendor.url.bug" value="https://bugreport.java.com/bugreport/"/>
    <property name="java.io.tmpdir" value="C:\Users\emirm\AppData\Local\Temp\"/>
    <property name="java.version" value="17.0.3.1"/>
    <property name="user.dir" value="C:\Users\emirm\git\newMgr\PVS-Lab\TaskManager"/>
    <property name="os.arch" value="amd64"/>
    <property name="java.vm.specification.name" value="Java Virtual Machine Specification"/>
    <property name="sun.os.patch.level" value=""/>
    <property name="native.encoding" value="Cp1252"/>
    <property name="java.library.path" value="C:\Program Files\Java\jdk-17.0.3.1\bin;C:\Windows\Sun\Java\bin;C:\Windows\system32;C:\Windows;C:/Users/emirm/.p2/pool/plugins/org.eclipse.justj.openjdk.hotspot.jre.full.win32.x86_64_17.0.2.v20220201-1208/jre/bin/server;C:/Users/emirm/.p2/pool/plugins/org.eclipse.justj.openjdk.hotspot.jre.full.win32.x86_64_17.0.2.v20220201-1208/jre/bin;C:\Program Files\Common Files\Oracle\Java\javapath;C:\Program Files (x86)\Common Files\Oracle\Java\javapath;C:\Windows\system32;C:\Windows;C:\Windows\System32\Wbem;C:\Windows\System32\WindowsPowerShell\v1.0\;C:\Windows\System32\OpenSSH\;C:\Program Files\Git\cmd;C:\Program Files (x86)\Microsoft SQL Server\160\Tools\Binn\;C:\Program Files\Microsoft SQL Server\160\Tools\Binn\;C:\Program Files\Microsoft SQL Server\Client SDK\ODBC\170\Tools\Binn\;C:\Program Files\Microsoft SQL Server\160\DTS\Binn\;C:\Program Files (x86)\Microsoft SQL Server\160\DTS\Binn\;C:\Program Files\Azure Data Studio\bin;C:\Program Files\nodejs\;C:\Program Files\Docker\Docker\resources\bin;C:\Program Files (x86)\Microsoft SQL Server\Client SDK\ODBC\130\Tools\Binn\;C:\Program Files (x86)\Microsoft SQL Server\140\Tools\Binn\;C:\Program Files (x86)\Microsoft SQL Server\140\DTS\Binn\;C:\Program Files (x86)\Microsoft SQL Server\140\Tools\Binn\ManagementStudio\;C:\Gradle\gradle-8.1.1\bin;C:\Program Files\MySQL\MySQL Shell 8.0\bin\;C:\Users\emirm\AppData\Local\Microsoft\WindowsApps;C:\Users\emirm\AppData\Local\Programs\Microsoft VS Code\bin;C:\Users\emirm\AppData\Local\GitHubDesktop\bin;C:\Program Files\Azure Data Studio\bin;C:\Users\emirm\AppData\Roaming\npm;C:\Windows\System32;;."/>
    <property name="java.vm.info" value="mixed mode, sharing"/>
    <property name="java.vendor" value="Oracle Corporation"/>
    <property name="java.vm.version" value="17.0.3.1+2-LTS-6"/>
    <property name="sun.io.unicode.encoding" value="UnicodeLittle"/>
    <property name="java.class.version" value="61.0"/>
  </properties>
  <testcase name="contextLoads" classname="pvs.TaskManager.TaskManagerApplicationTests" time="0.337"/>
</testsuite>